[04/11/17 00:20:40] Peer 1001 makes a connection to Peer 1000
[04/11/17 00:20:40] Peer 1001 is connected from Peer 1002
[04/11/17 00:20:40] Peer 1001 is connected from Peer 1003
[04/11/17 00:20:40] Peer 1001 received the 'not interested' message from 1003
[04/11/17 00:20:40] Peer 1001 received the 'not interested' message from 1000
[04/11/17 00:20:40] Peer 1001 received the 'not interested' message from 1002
[04/11/17 00:20:41] Peer 1001 is unchoked by Peer 1000
[04/11/17 00:20:41] Peer 1001 has downloaded the piece 2 from 1000
[04/11/17 00:20:41] Peer 1001 received the 'have' message from Peer 1003 for the piece 3
[04/11/17 00:20:41] Peer 1001 received the 'have' message from Peer 1002 for the piece 3
[04/11/17 00:20:41] Peer 1001 received the 'interested' message from 1003
[04/11/17 00:20:41] Peer 1001 has downloaded the piece 4 from 1000
[04/11/17 00:20:41] Peer 1001 received the 'interested' message from 1002
[04/11/17 00:20:42] Peer 1001 received the 'have' message from Peer 1003 for the piece 1
[04/11/17 00:20:42] Peer 1001 received the 'interested' message from 1003
[04/11/17 00:20:42] Peer 1001 received the 'interested' message from 1002
[04/11/17 00:20:42] Peer 1001 has downloaded the piece 1 from 1000
[04/11/17 00:20:42] Peer 1001 received the 'have' message from Peer 1002 for the piece 0
[04/11/17 00:20:42] Peer 1001 has downloaded the piece 5 from 1000
[04/11/17 00:20:42] Peer 1001 received the 'have' message from Peer 1002 for the piece 1
[04/11/17 00:20:42] Peer 1001 received the 'have' message from Peer 1003 for the piece 5
[04/11/17 00:20:42] Peer 1001 has downloaded the piece 0 from 1000
[04/11/17 00:20:42] Peer 1001 received the 'have' message from Peer 1002 for the piece 5
[04/11/17 00:20:42] Peer 1001 received the 'interested' message from 1003
[04/11/17 00:20:42] Peer 1001 received the 'have' message from Peer 1002 for the piece 2
[04/11/17 00:20:42] Peer 1001 has downloaded the piece 3 from 1000
[04/11/17 00:20:43] Peer 1001 received the 'have' message from Peer 1003 for the piece 4
[04/11/17 00:20:43] Peer 1001 has downloaded the complete file
[04/11/17 00:20:43] Peer 1001 received the 'have' message from Peer 1002 for the piece 4
[04/11/17 00:20:43] Peer 1001 received the 'have' message from Peer 1003 for the piece 2
[04/11/17 00:20:43] Peer 1001 is unchoked by Peer 1002
[04/11/17 00:20:43] Peer 1001 has the optimistically unchoke neighbor 1003
[04/11/17 00:20:43] Peer 1001 is unchoked by Peer 1003
[04/11/17 00:20:44] Peer 1001 is choked by Peer 1000
[04/11/17 00:20:44] Peer 1001: has the preferred neighbors 1002, 1003
[04/11/17 00:20:47] Peer 1001 received the 'have' message from Peer 1003 for the piece 0
