[01/11/17 20:57:41] Peer 1003 makes a connection to Peer 1000
[01/11/17 20:57:41] Peer 1003 makes a connection to Peer 1001
[01/11/17 20:57:41] Peer 1003 makes a connection to Peer 1002
[01/11/17 20:57:41] Peer 1003 received the 'not interested' message from 1000
[01/11/17 20:57:41] Peer 1003 received the 'not interested' message from 1002
[01/11/17 20:57:41] Peer 1003 received the 'not interested' message from 1001
[01/11/17 20:57:42] Peer 1003 is unchoked by Peer 1000
[01/11/17 20:57:43] Peer 1003 received the 'have' message from Peer 1001 for the piece 0
[01/11/17 20:57:43] Peer 1003 received the 'have' message from Peer 1001 for the piece 5
[01/11/17 20:57:43] Peer 1003 received the 'have' message from Peer 1001 for the piece 2
[01/11/17 20:57:43] Peer 1003 has downloaded the piece 5 from 1000
[01/11/17 20:57:43] Peer 1003 received the 'have' message from Peer 1002 for the piece 4
[01/11/17 20:57:43] Peer 1003 received the 'have' message from Peer 1002 for the piece 0
[01/11/17 20:57:43] Peer 1003 received the 'have' message from Peer 1002 for the piece 5
[01/11/17 20:57:43] Peer 1003 received the 'have' message from Peer 1001 for the piece 1
[01/11/17 20:57:43] Peer 1003 received the 'have' message from Peer 1002 for the piece 1
[01/11/17 20:57:43] Peer 1003 received the 'have' message from Peer 1001 for the piece 3
[01/11/17 20:57:43] Peer 1003 has downloaded the piece 1 from 1000
[01/11/17 20:57:43] Peer 1003 received the 'have' message from Peer 1001 for the piece 4
[01/11/17 20:57:43] Peer 1003 received the 'have' message from Peer 1002 for the piece 2
[01/11/17 20:57:43] Peer 1003 received the 'have' message from Peer 1002 for the piece 3
[01/11/17 20:57:43] Peer 1003 has downloaded the piece 4 from 1000
[01/11/17 20:57:43] Peer 1003 has downloaded the piece 2 from 1000
[01/11/17 20:57:43] Peer 1003 has downloaded the piece 3 from 1000
[01/11/17 20:57:43] Peer 1003 has downloaded the complete file
[01/11/17 20:57:45] Peer 1003 is unchoked by Peer 1001
[01/11/17 20:57:45] Peer 1003 is unchoked by Peer 1002
[01/11/17 20:57:47] Peer 1003 has downloaded the piece 0 from 1000
[01/11/17 20:57:47] Peer 1003 has downloaded the complete file
