[01/11/17 20:57:41] Peer 1000 is connected from Peer 1001
[01/11/17 20:57:41] Peer 1000 is connected from Peer 1002
[01/11/17 20:57:41] Peer 1000 is connected from Peer 1003
[01/11/17 20:57:41] Peer 1000 received the 'interested' message from 1001
[01/11/17 20:57:41] Peer 1000 received the 'interested' message from 1002
[01/11/17 20:57:41] Peer 1000 received the 'interested' message from 1003
[01/11/17 20:57:42] Peer 1000: has the preferred neighbors 1001, 1002, 1003
[01/11/17 20:57:42] Peer 1000 received the 'have' message from Peer 1002 for the piece 4
[01/11/17 20:57:42] Peer 1000 received the 'have' message from Peer 1001 for the piece 0
[01/11/17 20:57:42] Peer 1000 received the 'have' message from Peer 1001 for the piece 5
[01/11/17 20:57:43] Peer 1000 received the 'have' message from Peer 1002 for the piece 0
[01/11/17 20:57:43] Peer 1000 received the 'have' message from Peer 1003 for the piece 5
[01/11/17 20:57:43] Peer 1000 received the 'have' message from Peer 1001 for the piece 2
[01/11/17 20:57:43] Peer 1000 received the 'have' message from Peer 1002 for the piece 5
[01/11/17 20:57:43] Peer 1000 received the 'have' message from Peer 1001 for the piece 1
[01/11/17 20:57:43] Peer 1000 received the 'have' message from Peer 1002 for the piece 1
[01/11/17 20:57:43] Peer 1000 received the 'have' message from Peer 1001 for the piece 3
[01/11/17 20:57:43] Peer 1000 received the 'not interested' message from 1001
[01/11/17 20:57:43] Peer 1000 received the 'have' message from Peer 1003 for the piece 1
[01/11/17 20:57:43] Peer 1000 received the 'have' message from Peer 1001 for the piece 4
[01/11/17 20:57:43] Peer 1000 received the 'have' message from Peer 1002 for the piece 2
[01/11/17 20:57:43] Peer 1000 received the 'have' message from Peer 1002 for the piece 3
[01/11/17 20:57:43] Peer 1000 received the 'not interested' message from 1002
[01/11/17 20:57:43] Peer 1000 received the 'have' message from Peer 1003 for the piece 4
[01/11/17 20:57:43] Peer 1000 received the 'have' message from Peer 1003 for the piece 2
[01/11/17 20:57:43] Peer 1000 received the 'have' message from Peer 1003 for the piece 3
[01/11/17 20:57:45] Peer 1000: has the preferred neighbors 1003
[01/11/17 20:57:47] Peer 1000 received the 'have' message from Peer 1003 for the piece 0
[01/11/17 20:57:51] Peer 1000 received the 'not interested' message from 1003
[01/11/17 20:57:51] Peer 1000: has the preferred neighbors
